Build started 2015/8/3 22:13:36.
     1>Project "C:\ddksample\kingdom-src\SDL\SDL2_mixer-2.0.0\VisualC\native_midi\native_midi_VS2010.vcxproj" on node 2 (rebuild target(s)).
     1>_PrepareForClean:
         Deleting file ".\Release\native_midi.lastbuildstate".
       InitializeBuildStatus:
         Creating ".\Release\native_midi.unsuccessfulbuild" because "AlwaysCreate" was specified.
       ClCompile:
         C:\Program Files (x86)\Microsoft Visual Studio 10.0\VC\bin\CL.exe /c /I"..\..\..\SDL-dev-framework\SDL-2.0.x\include" /I..\.. /I..\..\native_midi /Zi /nologo /W3 /WX- /O2 /Ob1 /Oy- /D WIN32 /D NDEBUG /D _WINDOWS /D _VC80_UPGRADE=0x0600 /GF /Gm- /EHsc /MT /GS /Gy /fp:precise /Zc:wchar_t /Zc:forScope /Fo".\Release\\" /Fd".\Release\vc100.pdb" /Gd /TC /analyze- /errorReport:prompt ..\..\native_midi\native_midi_common.c ..\..\native_midi\native_midi_win32.c
         native_midi_common.c
         native_midi_win32.c
         Generating Code...
       Lib:
         C:\Program Files (x86)\Microsoft Visual Studio 10.0\VC\bin\Lib.exe /OUT:".\Release\native_midi.lib" /NOLOGO .\Release\native_midi_common.obj
         .\Release\native_midi_win32.obj
         native_midi_VS2010.vcxproj -> C:\ddksample\kingdom-src\SDL\SDL2_mixer-2.0.0\VisualC\native_midi\.\Release\native_midi.lib
       FinalizeBuildStatus:
         Deleting file ".\Release\native_midi.unsuccessfulbuild".
         Touching ".\Release\native_midi.lastbuildstate".
     1>Done Building Project "C:\ddksample\kingdom-src\SDL\SDL2_mixer-2.0.0\VisualC\native_midi\native_midi_VS2010.vcxproj" (rebuild target(s)).

Build succeeded.

Time Elapsed 00:00:00.45
