C:\ddksample\kingdom-src\SDL\SDL2_mixer-2.0.0\VisualC\timidity\.\Debug\timidity.lib
C:\ddksample\kingdom-src\SDL\SDL2_mixer-2.0.0\VisualC\timidity\Debug\cl.command.1.tlog
C:\ddksample\kingdom-src\SDL\SDL2_mixer-2.0.0\VisualC\timidity\Debug\CL.read.1.tlog
C:\ddksample\kingdom-src\SDL\SDL2_mixer-2.0.0\VisualC\timidity\Debug\CL.write.1.tlog
C:\DDKSAMPLE\KINGDOM-SRC\SDL\SDL2_MIXER-2.0.0\VISUALC\TIMIDITY\DEBUG\COMMON.OBJ
C:\DDKSAMPLE\KINGDOM-SRC\SDL\SDL2_MIXER-2.0.0\VISUALC\TIMIDITY\DEBUG\CTRLMODE.OBJ
C:\DDKSAMPLE\KINGDOM-SRC\SDL\SDL2_MIXER-2.0.0\VISUALC\TIMIDITY\DEBUG\FILTER.OBJ
C:\DDKSAMPLE\KINGDOM-SRC\SDL\SDL2_MIXER-2.0.0\VISUALC\TIMIDITY\DEBUG\INSTRUM.OBJ
C:\ddksample\kingdom-src\SDL\SDL2_mixer-2.0.0\VisualC\timidity\Debug\lib.command.1.tlog
C:\ddksample\kingdom-src\SDL\SDL2_mixer-2.0.0\VisualC\timidity\Debug\Lib-link.read.1.tlog
C:\ddksample\kingdom-src\SDL\SDL2_mixer-2.0.0\VisualC\timidity\Debug\Lib-link.write.1.tlog
C:\DDKSAMPLE\KINGDOM-SRC\SDL\SDL2_MIXER-2.0.0\VISUALC\TIMIDITY\DEBUG\MIX.OBJ
C:\DDKSAMPLE\KINGDOM-SRC\SDL\SDL2_MIXER-2.0.0\VISUALC\TIMIDITY\DEBUG\OUTPUT.OBJ
C:\DDKSAMPLE\KINGDOM-SRC\SDL\SDL2_MIXER-2.0.0\VISUALC\TIMIDITY\DEBUG\PLAYMIDI.OBJ
C:\DDKSAMPLE\KINGDOM-SRC\SDL\SDL2_MIXER-2.0.0\VISUALC\TIMIDITY\DEBUG\READMIDI.OBJ
C:\DDKSAMPLE\KINGDOM-SRC\SDL\SDL2_MIXER-2.0.0\VISUALC\TIMIDITY\DEBUG\RESAMPLE.OBJ
C:\DDKSAMPLE\KINGDOM-SRC\SDL\SDL2_MIXER-2.0.0\VISUALC\TIMIDITY\DEBUG\SDL_A.OBJ
C:\DDKSAMPLE\KINGDOM-SRC\SDL\SDL2_MIXER-2.0.0\VISUALC\TIMIDITY\DEBUG\SDL_C.OBJ
C:\DDKSAMPLE\KINGDOM-SRC\SDL\SDL2_MIXER-2.0.0\VISUALC\TIMIDITY\DEBUG\TABLES.OBJ
C:\DDKSAMPLE\KINGDOM-SRC\SDL\SDL2_MIXER-2.0.0\VISUALC\TIMIDITY\DEBUG\TIMIDITY.LIB
C:\DDKSAMPLE\KINGDOM-SRC\SDL\SDL2_MIXER-2.0.0\VISUALC\TIMIDITY\DEBUG\TIMIDITY.OBJ
C:\ddksample\kingdom-src\SDL\SDL2_mixer-2.0.0\VisualC\timidity\Debug\timidity.write.1.tlog
C:\ddksample\kingdom-src\SDL\SDL2_mixer-2.0.0\VisualC\timidity\Debug\timidity_VS2010.vcxprojResolveAssemblyReference.cache
