C:\ddksample\kingdom-src\SDL\SDL2_mixer-2.0.0\VisualC\timidity\.\Release\timidity.lib
C:\ddksample\kingdom-src\SDL\SDL2_mixer-2.0.0\VisualC\timidity\Release\cl.command.1.tlog
C:\ddksample\kingdom-src\SDL\SDL2_mixer-2.0.0\VisualC\timidity\Release\CL.read.1.tlog
C:\ddksample\kingdom-src\SDL\SDL2_mixer-2.0.0\VisualC\timidity\Release\CL.write.1.tlog
C:\DDKSAMPLE\KINGDOM-SRC\SDL\SDL2_MIXER-2.0.0\VISUALC\TIMIDITY\RELEASE\COMMON.OBJ
C:\DDKSAMPLE\KINGDOM-SRC\SDL\SDL2_MIXER-2.0.0\VISUALC\TIMIDITY\RELEASE\CTRLMODE.OBJ
C:\DDKSAMPLE\KINGDOM-SRC\SDL\SDL2_MIXER-2.0.0\VISUALC\TIMIDITY\RELEASE\FILTER.OBJ
C:\DDKSAMPLE\KINGDOM-SRC\SDL\SDL2_MIXER-2.0.0\VISUALC\TIMIDITY\RELEASE\INSTRUM.OBJ
C:\ddksample\kingdom-src\SDL\SDL2_mixer-2.0.0\VisualC\timidity\Release\lib.command.1.tlog
C:\ddksample\kingdom-src\SDL\SDL2_mixer-2.0.0\VisualC\timidity\Release\Lib-link.read.1.tlog
C:\ddksample\kingdom-src\SDL\SDL2_mixer-2.0.0\VisualC\timidity\Release\Lib-link.write.1.tlog
C:\DDKSAMPLE\KINGDOM-SRC\SDL\SDL2_MIXER-2.0.0\VISUALC\TIMIDITY\RELEASE\MIX.OBJ
C:\DDKSAMPLE\KINGDOM-SRC\SDL\SDL2_MIXER-2.0.0\VISUALC\TIMIDITY\RELEASE\OUTPUT.OBJ
C:\DDKSAMPLE\KINGDOM-SRC\SDL\SDL2_MIXER-2.0.0\VISUALC\TIMIDITY\RELEASE\PLAYMIDI.OBJ
C:\DDKSAMPLE\KINGDOM-SRC\SDL\SDL2_MIXER-2.0.0\VISUALC\TIMIDITY\RELEASE\READMIDI.OBJ
C:\DDKSAMPLE\KINGDOM-SRC\SDL\SDL2_MIXER-2.0.0\VISUALC\TIMIDITY\RELEASE\RESAMPLE.OBJ
C:\DDKSAMPLE\KINGDOM-SRC\SDL\SDL2_MIXER-2.0.0\VISUALC\TIMIDITY\RELEASE\SDL_A.OBJ
C:\DDKSAMPLE\KINGDOM-SRC\SDL\SDL2_MIXER-2.0.0\VISUALC\TIMIDITY\RELEASE\SDL_C.OBJ
C:\DDKSAMPLE\KINGDOM-SRC\SDL\SDL2_MIXER-2.0.0\VISUALC\TIMIDITY\RELEASE\TABLES.OBJ
C:\DDKSAMPLE\KINGDOM-SRC\SDL\SDL2_MIXER-2.0.0\VISUALC\TIMIDITY\RELEASE\TIMIDITY.LIB
C:\DDKSAMPLE\KINGDOM-SRC\SDL\SDL2_MIXER-2.0.0\VISUALC\TIMIDITY\RELEASE\TIMIDITY.OBJ
C:\ddksample\kingdom-src\SDL\SDL2_mixer-2.0.0\VisualC\timidity\Release\timidity.write.1.tlog
C:\ddksample\kingdom-src\SDL\SDL2_mixer-2.0.0\VisualC\timidity\Release\timidity_VS2010.vcxprojResolveAssemblyReference.cache
C:\DDKSAMPLE\KINGDOM-SRC\SDL\SDL2_MIXER-2.0.0\VISUALC\TIMIDITY\RELEASE\VC100.PDB
