Build started 2015/8/3 22:13:36.
     1>Project "C:\ddksample\kingdom-src\SDL\SDL2_mixer-2.0.0\VisualC\timidity\timidity_VS2010.vcxproj" on node 3 (rebuild target(s)).
     1>_PrepareForClean:
         Deleting file ".\Release\timidity.lastbuildstate".
       InitializeBuildStatus:
         Creating ".\Release\timidity.unsuccessfulbuild" because "AlwaysCreate" was specified.
       ClCompile:
         C:\Program Files (x86)\Microsoft Visual Studio 10.0\VC\bin\CL.exe /c /I"..\..\..\SDL-dev-framework\SDL-2.0.x\include" /Zi /nologo /W3 /WX- /O2 /Ob1 /Oy- /D WIN32 /D NDEBUG /D _WINDOWS /D _CRT_SECURE_NO_WARNINGS /D _VC80_UPGRADE=0x0600 /GF /Gm- /EHsc /MT /GS /Gy /fp:precise /Zc:wchar_t /Zc:forScope /Fo".\Release\\" /Fd".\Release\vc100.pdb" /Gd /TC /analyze- /errorReport:prompt ..\..\timidity\common.c ..\..\timidity\ctrlmode.c ..\..\timidity\filter.c ..\..\timidity\instrum.c ..\..\timidity\mix.c ..\..\timidity\output.c ..\..\timidity\playmidi.c ..\..\timidity\readmidi.c ..\..\timidity\resample.c ..\..\timidity\sdl_a.c ..\..\timidity\sdl_c.c ..\..\timidity\tables.c ..\..\timidity\timidity.c
         common.c
         ctrlmode.c
         filter.c
         instrum.c
         mix.c
         output.c
         playmidi.c
         readmidi.c
         resample.c
         sdl_a.c
         sdl_c.c
         tables.c
         timidity.c
         Generating Code...
       Lib:
         C:\Program Files (x86)\Microsoft Visual Studio 10.0\VC\bin\Lib.exe /OUT:".\Release\timidity.lib" /NOLOGO .\Release\common.obj
         .\Release\ctrlmode.obj
         .\Release\filter.obj
         .\Release\instrum.obj
         .\Release\mix.obj
         .\Release\output.obj
         .\Release\playmidi.obj
         .\Release\readmidi.obj
         .\Release\resample.obj
         .\Release\sdl_a.obj
         .\Release\sdl_c.obj
         .\Release\tables.obj
         .\Release\timidity.obj
         timidity_VS2010.vcxproj -> C:\ddksample\kingdom-src\SDL\SDL2_mixer-2.0.0\VisualC\timidity\.\Release\timidity.lib
       FinalizeBuildStatus:
         Deleting file ".\Release\timidity.unsuccessfulbuild".
         Touching ".\Release\timidity.lastbuildstate".
     1>Done Building Project "C:\ddksample\kingdom-src\SDL\SDL2_mixer-2.0.0\VisualC\timidity\timidity_VS2010.vcxproj" (rebuild target(s)).

Build succeeded.

Time Elapsed 00:00:00.96
